<html>
<body>
<pre>
<h1>µVision Build Log</h1>
<h2>Tool Versions:</h2>
IDE-Version: µVision V5.38.0.0
Copyright (C) 2022 ARM Ltd and ARM Germany GmbH. All rights reserved.
License Information: karthik s, pixelexpect, LIC=----
 
Tool Versions:
Toolchain:       MDK-Lite  Version: 5.38.0.0
Toolchain Path:  C:\Keil_v5\ARM\ARMCLANG\Bin
C Compiler:      ArmClang.exe V6.19
Assembler:       Armasm.exe V6.19
Linker/Locator:  ArmLink.exe V6.19
Library Manager: ArmAr.exe V6.19
Hex Converter:   FromElf.exe V6.19
CPU DLL:         SARMCM3.DLL V5.38.0.0
Dialog DLL:      DCM.DLL V1.17.5.0
Target DLL:      STLink\ST-LINKIII-KEIL_SWO.dll V3.1.0.0
Dialog DLL:      TCM.DLL V1.56.4.0
 
<h2>Project:</h2>
C:\Users\karthik.sankaran\Desktop\New Folder\Flash\STM32_BP_W25QXX_test\External_Flash\MDK-ARM\External_Flash.uvprojx
Project File Date:  05/11/2023

<h2>Output:</h2>
*** Using Compiler 'V6.19', folder: 'C:\Keil_v5\ARM\ARMCLANG\Bin'
Build target 'External_Flash'
assembling startup_stm32f103xb.s...
compiling stm32f1xx_hal_msp.c...
compiling gpio.c...
compiling stm32f1xx_it.c...
compiling system_stm32f1xx.c...
../Src/main.c(196): error: use of undeclared identifier 'CS_FLASH_GPIO_Port'
  HAL_GPIO_WritePin(CS_FLASH_GPIO_Port, CS_FLASH_Pin, GPIO_PIN_RESET);
                    ^
../Src/main.c(196): error: use of undeclared identifier 'CS_FLASH_Pin'
  HAL_GPIO_WritePin(CS_FLASH_GPIO_Port, CS_FLASH_Pin, GPIO_PIN_RESET);
                                        ^
../Src/main.c(199): error: use of undeclared identifier 'TEST_PIN1_Pin'
  HAL_GPIO_WritePin(GPIOB, TEST_PIN2_Pin|TEST_PIN1_Pin|GPIO_PIN_2|TEST_PIN3_Pin, GPIO_PIN_RESET);
                                         ^
../Src/main.c(202): error: use of undeclared identifier 'CS_FLASH_Pin'
  GPIO_InitStruct.Pin = CS_FLASH_Pin;
                        ^
../Src/main.c(206): error: use of undeclared identifier 'CS_FLASH_GPIO_Port'
  HAL_GPIO_Init(CS_FLASH_GPIO_Port, &GPIO_InitStruct);
                ^
../Src/main.c(209): error: use of undeclared identifier 'TEST_PIN1_Pin'
  GPIO_InitStruct.Pin = TEST_PIN2_Pin|TEST_PIN1_Pin|GPIO_PIN_2|TEST_PIN3_Pin;
                                      ^
6 errors generated.
compiling main.c...
compiling spi.c...
compiling w25qxx.c...
compiling stm32f1xx_hal_gpio.c...
compiling stm32f1xx_hal_gpio_ex.c...
compiling stm32f1xx_hal.c...
compiling stm32f1xx_hal_rcc_ex.c...
compiling stm32f1xx_hal_rcc.c...
compiling stm32f1xx_hal_spi.c...
compiling stm32f1xx_hal_dma.c...
compiling stm32f1xx_hal_cortex.c...
compiling stm32f1xx_hal_flash_ex.c...
compiling stm32f1xx_hal_pwr.c...
compiling stm32f1xx_hal_flash.c...
compiling stm32f1xx_hal_exti.c...
compiling stm32f1xx_hal_tim.c...
compiling stm32f1xx_hal_tim_ex.c...
"External_Flash\External_Flash.axf" - 6 Error(s), 0 Warning(s).

<h2>Software Packages used:</h2>

Package Vendor: ARM
                http://www.keil.com/pack/ARM.CMSIS.5.9.0.pack
                ARM.CMSIS.5.9.0
                CMSIS (Common Microcontroller Software Interface Standard)
   * Component: CORE Version: 5.6.0

Package Vendor: Keil
                http://www.keil.com/pack/Keil.STM32F1xx_DFP.2.4.0.pack
                Keil.STM32F1xx_DFP.2.4.0
                STMicroelectronics STM32F1 Series Device Support, Drivers and Examples

<h2>Collection of Component include folders:</h2>
  ./RTE/_External_Flash
  C:/Users/sjemila/AppData/Local/Arm/Packs/ARM/CMSIS/5.9.0/CMSIS/Core/Include
  C:/Users/sjemila/AppData/Local/Arm/Packs/Keil/STM32F1xx_DFP/2.4.0/Device/Include

<h2>Collection of Component Files used:</h2>

   * Component: ARM::CMSIS:CORE:5.6.0
      Include file:  CMSIS/Core/Include/tz_context.h
Target not created.
Build Time Elapsed:  00:00:37
</pre>
</body>
</html>
